Arguments: 
  /usr/local/bin/node /usr/local/bin/yarn add --json @parcel/resolver-default -D -W

PATH: 
  /home/soumya/Desktop/Nameste React/React/NamesteReact/node_modules/.bin:/home/soumya/Desktop/Nameste React/React/node_modules/.bin:/home/soumya/Desktop/Nameste React/node_modules/.bin:/home/soumya/Desktop/node_modules/.bin:/home/soumya/node_modules/.bin:/home/node_modules/.bin:/node_modules/.bin:/usr/local/lib/node_modules/npm/node_modules/@npmcli/run-script/lib/node-gyp-bin:/usr/local/sbin:/usr/local/bin:/usr/sbin:/usr/bin:/sbin:/bin:/usr/games:/usr/local/games:/snap/bin:/snap/bin

Yarn version: 
  1.22.19

Node version: 
  16.17.1

Platform: 
  linux x64

Trace: 
  Error: getaddrinfo EAI_AGAIN registry.yarnpkg.com
      at GetAddrInfoReqWrap.onlookup [as oncomplete] (node:dns:109:26)

npm manifest: 
  {
    "name": "namestereact",
    "version": "1.0.0",
    "description": "This is Nameste React App By Soumya Chakraborty",
    "main": "App.js",
    "scripts": {
      "test": "jest",
      "start": "parcel index.html"
    },
    "repository": {
      "type": "git",
      "url": "git+https://github.com/Soumyahoichoi/NamesteReact.git"
    },
    "author": "Soumya Chakraborty",
    "license": "ISC",
    "bugs": {
      "url": "https://github.com/Soumyahoichoi/NamesteReact/issues"
    },
    "homepage": "https://github.com/Soumyahoichoi/NamesteReact#readme",
    "dependencies": {
      "react": "^18.2.0",
      "react-dom": "^18.2.0"
    }
  }

yarn manifest: 
  No manifest

Lockfile: 
  No lockfile
